{
  "RSpec": {
    "coverage": {
      "/Users/tathianamonacella/Desktop/Painted/Programming/FoodPops/config/environment.rb": [
        null,
        1,
        null,
        null,
        1
      ],
      "/Users/tathianamonacella/Desktop/Painted/Programming/FoodPops/config/application.rb": [
        1,
        null,
        null,
        1,
        1,
        1,
        1,
        1,
        1,
        null,
        null,
        null,
        null,
        1,
        null,
        1,
        1,
        null,
        null,
        null,
        null,
        null,
        null,
        null,
        null,
        null,
        null,
        null,
        null,
        null
      ],
      "/Users/tathianamonacella/Desktop/Painted/Programming/FoodPops/config/boot.rb": [
        null,
        1,
        null,
        1
      ],
      "/Users/tathianamonacella/Desktop/Painted/Programming/FoodPops/config/environments/test.rb": [
        1,
        null,
        null,
        null,
        null,
        null,
        null,
        1,
        null,
        null,
        null,
        null,
        1,
        null,
        null,
        1,
        1,
        null,
        null,
        1,
        1,
        null,
        null,
        1,
        null,
        null,
        1,
        null,
        null,
        null,
        null,
        1,
        null,
        null,
        1,
        null,
        null,
        null,
        null
      ],
      "/Users/tathianamonacella/Desktop/Painted/Programming/FoodPops/config/initializers/assets.rb": [
        null,
        null,
        null,
        1,
        null,
        null,
        null,
        null
      ],
      "/Users/tathianamonacella/Desktop/Painted/Programming/FoodPops/config/initializers/backtrace_silencers.rb": [
        null,
        null,
        null,
        null,
        null,
        null,
        null
      ],
      "/Users/tathianamonacella/Desktop/Painted/Programming/FoodPops/config/initializers/cookies_serializer.rb": [
        null,
        null,
        1
      ],
      "/Users/tathianamonacella/Desktop/Painted/Programming/FoodPops/config/initializers/devise.rb": [
        null,
        null,
        1,
        null,
        null,
        null,
        1,
        null,
        null,
        null,
        null,
        null,
        1,
        null,
        null,
        null,
        null,
        null,
        null,
        null,
        null,
        1,
        null,
        null,
        null,
        null,
        null,
        null,
        null,
        null,
        null,
        null,
        null,
        null,
        null,
        null,
        null,
        null,
        null,
        null,
        null,
        null,
        null,
        1,
        null,
        null,
        null,
        null,
        1,
        null,
        null,
        null,
        null,
        null,
        null,
        null,
        null,
        null,
        null,
        null,
        null,
        null,
        null,
        null,
        null,
        null,
        null,
        null,
        null,
        null,
        null,
        null,
        null,
        null,
        null,
        null,
        null,
        null,
        null,
        1,
        null,
        null,
        null,
        null,
        null,
        null,
        null,
        null,
        null,
        null,
        null,
        null,
        null,
        null,
        null,
        null,
        1,
        null,
        null,
        null,
        null,
        null,
        null,
        null,
        null,
        null,
        null,
        null,
        null,
        null,
        null,
        null,
        null,
        null,
        null,
        null,
        null,
        null,
        null,
        null,
        null,
        1,
        null,
        null,
        null,
        null,
        null,
        null,
        null,
        null,
        null,
        1,
        null,
        null,
        null,
        null,
        null,
        null,
        null,
        null,
        null,
        null,
        1,
        null,
        null,
        null,
        null,
        null,
        null,
        null,
        null,
        null,
        null,
        null,
        null,
        null,
        null,
        null,
        null,
        null,
        null,
        null,
        null,
        null,
        null,
        null,
        null,
        null,
        null,
        null,
        null,
        null,
        null,
        null,
        null,
        null,
        null,
        null,
        null,
        null,
        null,
        null,
        null,
        null,
        null,
        null,
        null,
        null,
        null,
        null,
        null,
        1,
        null,
        null,
        null,
        null,
        null,
        null,
        null,
        null,
        null,
        null,
        null,
        null,
        null,
        null,
        null,
        null,
        null,
        null,
        null,
        null,
        null,
        null,
        null,
        null,
        null,
        null,
        null,
        null,
        null,
        null,
        null,
        null,
        null,
        null,
        null,
        null,
        null,
        1,
        null,
        null,
        null,
        null,
        null,
        null,
        null,
        null,
        null,
        null,
        null,
        null,
        null,
        null,
        null,
        null,
        null,
        null,
        null,
        null,
        null,
        null,
        null,
        null,
        null,
        null,
        null,
        null,
        null
      ],
      "/Users/tathianamonacella/Desktop/Painted/Programming/FoodPops/config/initializers/filter_parameter_logging.rb": [
        null,
        null,
        null,
        1
      ],
      "/Users/tathianamonacella/Desktop/Painted/Programming/FoodPops/config/initializers/inflections.rb": [
        null,
        null,
        null,
        null,
        null,
        null,
        null,
        null,
        null,
        null,
        null,
        null,
        null,
        null,
        null,
        null
      ],
      "/Users/tathianamonacella/Desktop/Painted/Programming/FoodPops/config/initializers/mime_types.rb": [
        null,
        null,
        null,
        null
      ],
      "/Users/tathianamonacella/Desktop/Painted/Programming/FoodPops/config/initializers/session_store.rb": [
        null,
        null,
        1
      ],
      "/Users/tathianamonacella/Desktop/Painted/Programming/FoodPops/config/initializers/wrap_parameters.rb": [
        null,
        null,
        null,
        null,
        null,
        null,
        1,
        1,
        null,
        null,
        null,
        null,
        null,
        null
      ],
      "/Users/tathianamonacella/Desktop/Painted/Programming/FoodPops/config/routes.rb": [
        1,
        null,
        1,
        1,
        1,
        1,
        null,
        null,
        1,
        null,
        null,
        null,
        null,
        1,
        null,
        null,
        null,
        null,
        null,
        null,
        null,
        null,
        null,
        null,
        null,
        null,
        null,
        null,
        null,
        null,
        null,
        null,
        null,
        null,
        null,
        null,
        null,
        null,
        null,
        null,
        null,
        null,
        null,
        null,
        null,
        null,
        null,
        null,
        null,
        null,
        null,
        null,
        null,
        null,
        null,
        null,
        null,
        null,
        null,
        null,
        null,
        null,
        null,
        null
      ],
      "/Users/tathianamonacella/Desktop/Painted/Programming/FoodPops/app/models/foody.rb": [
        1,
        null,
        null,
        1,
        null,
        1,
        1,
        1,
        1,
        null,
        null,
        null,
        null,
        null,
        null,
        null,
        null,
        null,
        1,
        null
      ],
      "/Users/tathianamonacella/Desktop/Painted/Programming/FoodPops/app/helpers/application_helper.rb": [
        1,
        null
      ],
      "/Users/tathianamonacella/Desktop/Painted/Programming/FoodPops/app/helpers/events_helper.rb": [
        1,
        null
      ],
      "/Users/tathianamonacella/Desktop/Painted/Programming/FoodPops/app/helpers/photos_helper.rb": [
        1,
        null
      ],
      "/Users/tathianamonacella/Desktop/Painted/Programming/FoodPops/app/helpers/reviews_helper.rb": [
        1,
        1,
        35,
        null,
        29,
        29,
        29,
        19,
        null,
        10,
        null,
        null,
        null
      ],
      "/Users/tathianamonacella/Desktop/Painted/Programming/FoodPops/app/controllers/events_controller.rb": [
        1,
        null,
        1,
        null,
        1,
        13,
        null,
        null,
        1,
        5,
        null,
        null,
        1,
        5,
        5,
        5,
        5,
        null,
        null,
        1,
        13,
        null,
        null,
        null
      ],
      "/Users/tathianamonacella/Desktop/Painted/Programming/FoodPops/app/controllers/application_controller.rb": [
        1,
        null,
        null,
        1,
        null,
        1,
        null,
        1,
        1,
        10,
        10,
        9,
        null,
        null
      ],
      "/Users/tathianamonacella/Desktop/Painted/Programming/FoodPops/app/controllers/photos_controller.rb": [
        1,
        null,
        1,
        1,
        1,
        null,
        null,
        1,
        1,
        1,
        1,
        1,
        1,
        null,
        null,
        1,
        null,
        1,
        2,
        null,
        null,
        1,
        1,
        null,
        null,
        1,
        1,
        1,
        null,
        null
      ],
      "/Users/tathianamonacella/Desktop/Painted/Programming/FoodPops/app/controllers/reviews_controller.rb": [
        1,
        null,
        1,
        5,
        5,
        null,
        null,
        1,
        5,
        5,
        5,
        5,
        1,
        null,
        1,
        null,
        3,
        3,
        null,
        5,
        null,
        null,
        1,
        null,
        1,
        10,
        null,
        null,
        1,
        5,
        null,
        null,
        1,
        4,
        null,
        null,
        1,
        3,
        3,
        null,
        null,
        1,
        5,
        null,
        null,
        null,
        null
      ],
      "/Users/tathianamonacella/Desktop/Painted/Programming/FoodPops/app/models/event.rb": [
        1,
        null,
        1,
        1,
        1,
        1,
        1,
        1,
        null,
        null,
        null,
        null,
        null,
        null,
        null,
        null,
        null,
        1,
        null,
        1,
        19,
        null,
        null,
        1,
        15,
        10,
        null,
        null,
        null
      ],
      "/Users/tathianamonacella/Desktop/Painted/Programming/FoodPops/app/models/photo.rb": [
        1,
        1,
        1,
        1,
        null,
        null,
        null,
        null,
        null,
        null,
        null,
        null,
        null,
        1,
        null
      ],
      "/Users/tathianamonacella/Desktop/Painted/Programming/FoodPops/app/models/review.rb": [
        1,
        1,
        1,
        null
      ],
      "/Users/tathianamonacella/Desktop/Painted/Programming/FoodPops/app/controllers/foodies_controller.rb": [
        1,
        1,
        null,
        1,
        2,
        null,
        null,
        null
      ]
    },
    "timestamp": 1418136176
  }
}
